{
  "RSpec": {
    "coverage": {
      "/Users/student/projects/bookmark-manager/spec/bookmarks_spec.rb": [
        1,
        1,
        null,
        1,
        1,
        1,
        1,
        1,
        1,
        1,
        1,
        1,
        1,
        1,
        null,
        null,
        null
      ],
      "/Users/student/projects/bookmark-manager/spec/feature/bookmark_manager_spec.rb": [
        1,
        null,
        1,
        1,
        1,
        1,
        1,
        1,
        1,
        null,
        1,
        1,
        1,
        null,
        null
      ],
      "/Users/student/projects/bookmark-manager/spec/feature/setup_spec.rb": [
        null,
        null,
        null,
        null,
        null,
        null
      ]
    },
    "timestamp": 1567071867
  }
}
